<?xml version="1.0" encoding="UTF-8"?>
<!-- Generated by org.testng.reporters.JUnitXMLReporter -->
<testsuite ignored="2" hostname="KakumaniShanvi" failures="0" tests="1" name="Test" time="26.238" errors="0" timestamp="2024-08-08T14:06:29 GST">
  <testcase classname="com.Demoqa.Testcases.TestCases" name="AddingMobiles" time="21.49"/>
  <testcase classname="com.Demoqa.Testcases.Baseclass" name="@BeforeSuite StartExtent" time="0.0">
    <ignored/>
  </testcase> <!-- @BeforeSuite StartExtent -->
  <testcase classname="com.Demoqa.Testcases.Baseclass" name="@AfterSuite EndExtent" time="0.0">
    <ignored/>
  </testcase> <!-- @AfterSuite EndExtent -->
</testsuite> <!-- Test -->
