<?xml version="1.0" encoding="UTF-8"?>
<testng-results ignored="0" total="1" passed="1" failed="0" skipped="0">
  <reporter-output>
  </reporter-output>
  <suite started-at="2024-08-08T17:09:36 GST" name="Default suite" finished-at="2024-08-08T17:09:40 GST" duration-ms="3505">
    <groups>
    </groups>
    <test started-at="2024-08-08T17:09:36 GST" name="Default test" finished-at="2024-08-08T17:09:40 GST" duration-ms="3505">
      <class name="com.Demoqa.Testcases.Testcasessaucedemo">
        <test-method is-config="true" signature="StartExtent()[pri:0, instance:com.Demoqa.Testcases.Testcasessaucedemo@8519cb4]" started-at="2024-08-08T17:09:36 GST" name="StartExtent" finished-at="2024-08-08T17:09:36 GST" duration-ms="221" status="PASS">
          <reporter-output>
          </reporter-output>
        </test-method> <!-- StartExtent -->
        <test-method is-config="true" signature="setUp()[pri:0, instance:com.Demoqa.Testcases.Testcasessaucedemo@8519cb4]" started-at="2024-08-08T17:09:36 GST" name="setUp" finished-at="2024-08-08T17:09:38 GST" duration-ms="2057" status="PASS">
          <reporter-output>
          </reporter-output>
        </test-method> <!-- setUp -->
        <test-method signature="Addproductssaucedemo()[pri:0, instance:com.Demoqa.Testcases.Testcasessaucedemo@8519cb4]" started-at="2024-08-08T17:09:38 GST" name="Addproductssaucedemo" finished-at="2024-08-08T17:09:39 GST" duration-ms="1241" status="PASS">
          <reporter-output>
          </reporter-output>
        </test-method> <!-- Addproductssaucedemo -->
        <test-method is-config="true" signature="tearDown()[pri:0, instance:com.Demoqa.Testcases.Testcasessaucedemo@8519cb4]" started-at="2024-08-08T17:09:39 GST" name="tearDown" finished-at="2024-08-08T17:09:40 GST" duration-ms="186" status="PASS">
          <reporter-output>
          </reporter-output>
        </test-method> <!-- tearDown -->
        <test-method is-config="true" signature="EndExtent()[pri:0, instance:com.Demoqa.Testcases.Testcasessaucedemo@8519cb4]" started-at="2024-08-08T17:09:40 GST" name="EndExtent" finished-at="2024-08-08T17:09:40 GST" duration-ms="217" status="PASS">
          <reporter-output>
          </reporter-output>
        </test-method> <!-- EndExtent -->
      </class> <!-- com.Demoqa.Testcases.Testcasessaucedemo -->
    </test> <!-- Default test -->
  </suite> <!-- Default suite -->
</testng-results>
